Build started 5/6/2012 3:59:01 PM.
     1>Project "C:\Users\Wallace\documents\visual studio 2010\Projects\sieve\sieve\sieve.vcxproj" on node 2 (build target(s)).
     1>InitializeBuildStatus:
         Touching "Debug\sieve.unsuccessfulbuild".
       ClCompile:
         All outputs are up-to-date.
       Link:
         C:\Program Files (x86)\Microsoft Visual Studio 10.0\VC\bin\link.exe /ERRORREPORT:PROMPT /OUT:"C:\Users\Wallace\documents\visual studio 2010\Projects\sieve\Debug\sieve.exe" /NOLOGO kernel32.lib user32.lib gdi32.lib winspool.lib comdlg32.lib advapi32.lib shell32.lib ole32.lib oleaut32.lib uuid.lib odbc32.lib odbccp32.lib /MANIFEST /ManifestFile:"Debug\sieve.exe.intermediate.manifest" /MANIFESTUAC:"level='asInvoker' uiAccess='false'" /DEBUG /PDB:"C:\Users\Wallace\documents\visual studio 2010\Projects\sieve\Debug\sieve.pdb" /TLBID:1 /DYNAMICBASE /NXCOMPAT /IMPLIB:"C:\Users\Wallace\documents\visual studio 2010\Projects\sieve\Debug\sieve.lib" /MACHINE:X86 Debug\main.obj
     1>main.obj : error LNK2019: unresolved external symbol "class std::vector<unsigned long,class std::allocator<unsigned long> > __cdecl get_primes(unsigned long)" (?get_primes@@YA?AV?$vector@KV?$allocator@K@std@@@std@@K@Z) referenced in function _main
     1>C:\Users\Wallace\documents\visual studio 2010\Projects\sieve\Debug\sieve.exe : fatal error LNK1120: 1 unresolved externals
     1>Done Building Project "C:\Users\Wallace\documents\visual studio 2010\Projects\sieve\sieve\sieve.vcxproj" (build target(s)) -- FAILED.

Build FAILED.

Time Elapsed 00:00:00.11
