Build started 1/21/2012 11:59:29 AM.
     1>Project "c:\Users\Wallace\documents\visual studio 2010\Projects\binary2\binary2\binary2.vcxproj" on node 2 (build target(s)).
     1>InitializeBuildStatus:
         Touching "Debug\binary2.unsuccessfulbuild".
       ClCompile:
         C:\Program Files (x86)\Microsoft Visual Studio 10.0\VC\bin\CL.exe /c /ZI /nologo /W3 /WX- /Od /Oy- /D _MBCS /Gm /EHsc /RTC1 /MDd /GS /fp:precise /Zc:wchar_t /Zc:forScope /Fo"Debug\\" /Fd"Debug\vc100.pdb" /Gd /TP /analyze- /errorReport:prompt binary2.cpp
         binary2.cpp
     1>c:\users\wallace\documents\visual studio 2010\projects\binary2\binary2\binary2.cpp(5): error C3861: 'clrscr': identifier not found
     1>c:\users\wallace\documents\visual studio 2010\projects\binary2\binary2\binary2.cpp(8): error C2065: 'cout' : undeclared identifier
     1>c:\users\wallace\documents\visual studio 2010\projects\binary2\binary2\binary2.cpp(9): error C2065: 'cin' : undeclared identifier
     1>c:\users\wallace\documents\visual studio 2010\projects\binary2\binary2\binary2.cpp(32): error C2065: 'cout' : undeclared identifier
     1>c:\users\wallace\documents\visual studio 2010\projects\binary2\binary2\binary2.cpp(36): error C2065: 'cout' : undeclared identifier
     1>c:\users\wallace\documents\visual studio 2010\projects\binary2\binary2\binary2.cpp(37): error C2065: 'cout' : undeclared identifier
     1>c:\users\wallace\documents\visual studio 2010\projects\binary2\binary2\binary2.cpp(39): error C2065: 'cout' : undeclared identifier
     1>c:\users\wallace\documents\visual studio 2010\projects\binary2\binary2\binary2.cpp(43): error C2065: 'cout' : undeclared identifier
     1>c:\users\wallace\documents\visual studio 2010\projects\binary2\binary2\binary2.cpp(45): error C2065: 'cout' : undeclared identifier
     1>c:\users\wallace\documents\visual studio 2010\projects\binary2\binary2\binary2.cpp(47): error C2065: 'cout' : undeclared identifier
     1>Done Building Project "c:\Users\Wallace\documents\visual studio 2010\Projects\binary2\binary2\binary2.vcxproj" (build target(s)) -- FAILED.

Build FAILED.

Time Elapsed 00:00:00.21
